-------------------------------------------------------------------------------
Test set: com.scrum.jdbc.JDBCopsTests
-------------------------------------------------------------------------------
Tests run: 2, Failures: 1, Errors: 0, Skipped: 0, Time elapsed: 1.48 s <<< FAILURE! - in com.scrum.jdbc.JDBCopsTests
testspecificEmployee(com.scrum.jdbc.JDBCopsTests)  Time elapsed: 0.001 s  <<< FAILURE!
org.junit.ComparisonFailure: expected:<[AT0001]> but was:<[rs67689]>
	at com.scrum.jdbc.JDBCopsTests.testspecificEmployee(JDBCopsTests.java:58)

